  ChunkChanges.cpp
  ChunkSize.cpp
  ChunkMatrix.cpp
  Chunk.cpp
  PerlinNoise.cpp
  Camera.cpp
  OpenGLinit.cpp
  Shader.cpp
  IndexBuffer.cpp
  Renderer.cpp
  Main.cpp
  VertexBuffer.cpp
  VertexArray.cpp
  Texture.cpp
  World.cpp
  Создание кода...
LINK : warning LNK4098: библиотека по умолчанию "LIBCMT" противоречит использованию других библиотек; используйте параметр /NODEFAULTLIB:library
LINK : warning LNK4098: библиотека по умолчанию "MSVCRT" противоречит использованию других библиотек; используйте параметр /NODEFAULTLIB:library
glew32s.lib(glew.obj) : warning LNK4099: "vc120.pdb" PDB не найден с "glew32s.lib(glew.obj)" или на "C:\Users\szabi\source\repos\Voxel_Engine\bin\x64\Debug\vc120.pdb"; компоновка объекта выполняется как при отсутствии отладочных данных
  Voxel_Engine.vcxproj -> C:\Users\szabi\source\repos\Voxel_Engine\bin\x64\Debug\Voxel_Engine.exe
